<?xml version="1.0" encoding="UTF-8"?>
<!-- Generated by org.testng.reporters.JUnitReportReporter -->
<testsuite skipped="0" hostname="ITEM-S94567" name="TestCases.first_Test" tests="5" failures="0" timestamp="2021-03-06T01:06:58 IST" time="67.963" errors="0">
  <testcase name="SecondTestCase" time="13.551" classname="TestCases.first_Test"/>
  <system-out/>
  <testcase name="ThirdTestCase" time="14.199" classname="TestCases.first_Test"/>
  <system-out/>
  <testcase name="fivthTestCase" time="16.912" classname="TestCases.first_Test"/>
  <system-out/>
  <testcase name="firstTestCase" time="9.413" classname="TestCases.first_Test"/>
  <system-out/>
  <testcase name="fourthTestCase" time="13.888" classname="TestCases.first_Test"/>
  <system-out/>
</testsuite> <!-- TestCases.first_Test -->
